2025-08-05 09:44:57,380 - ERROR - MLflow setup failed: single positional indexer is out-of-bounds
2025-08-05 09:55:38,859 - ERROR - MLflow setup failed: No runs found for the experiment.
2025-08-05 09:55:38,861 - ERROR - Current working directory: /app
2025-08-05 09:55:38,861 - ERROR - Expected MLflow logs directory: /app/mlflow_logs
2025-08-05 09:55:38,862 - INFO - Contents of MLflow logs directory: ['0', '553774423965501330', '.trash']
2025-08-05 09:55:38,864 - ERROR - MLflow setup failed: single positional indexer is out-of-bounds
2025-08-05 10:27:46,435 - ERROR - MLflow setup failed: No runs found for the experiment.
2025-08-05 10:27:46,437 - ERROR - Current working directory: /app
2025-08-05 10:27:46,437 - ERROR - Expected MLflow logs directory: /app/mlflow_logs
2025-08-05 10:27:46,437 - INFO - Contents of MLflow logs directory: ['954744998630029931', '0', '.trash']
2025-08-05 10:27:46,439 - ERROR - MLflow setup failed: single positional indexer is out-of-bounds
2025-08-05 10:31:12,068 - ERROR - MLflow setup failed: No runs found for the experiment.
2025-08-05 10:31:12,069 - ERROR - Current working directory: /app
2025-08-05 10:31:12,070 - ERROR - Expected MLflow logs directory: /app/mlflow_logs
2025-08-05 10:31:12,070 - WARNING - MLflow logs directory does not exist.
2025-08-05 10:31:12,074 - ERROR - MLflow setup failed: single positional indexer is out-of-bounds
2025-08-05 10:34:17,375 - INFO - Best run ID: aba7ca9b4ad3468abd0a098109340d99
2025-08-05 10:34:17,380 - ERROR - MLflow setup failed: single positional indexer is out-of-bounds
2025-08-05 10:40:47,992 - ERROR - MLflow setup failed: No runs found for the experiment.
2025-08-05 10:40:47,993 - ERROR - Current working directory: /app
2025-08-05 10:40:47,993 - ERROR - Expected MLflow logs directory: /app/mlflow_logs
2025-08-05 10:40:47,994 - INFO - Contents of MLflow logs directory: ['0', '500867498842575167', '.trash']
2025-08-05 10:40:47,997 - ERROR - MLflow setup failed: single positional indexer is out-of-bounds
2025-08-05 10:41:29,310 - INFO - Best run ID: aba7ca9b4ad3468abd0a098109340d99
2025-08-05 10:41:29,315 - ERROR - MLflow setup failed: single positional indexer is out-of-bounds
2025-08-05 10:41:36,662 - INFO - Best run ID: aba7ca9b4ad3468abd0a098109340d99
2025-08-05 10:41:36,666 - ERROR - MLflow setup failed: single positional indexer is out-of-bounds
2025-08-05 10:46:02,296 - INFO - Best run ID: aba7ca9b4ad3468abd0a098109340d99
2025-08-05 10:46:02,394 - ERROR - Error setting up MLflow: Failed to download artifacts from path 'model', please ensure that the path is correct.
2025-08-05 10:49:08,507 - INFO - Best run ID: aba7ca9b4ad3468abd0a098109340d99
2025-08-05 10:49:08,599 - ERROR - Error setting up MLflow: Failed to download artifacts from path 'model', please ensure that the path is correct.
2025-08-05 10:52:44,506 - INFO - Received prediction request with features: [[5.1, 3.5, 1.4, 0.2]]
2025-08-05 10:52:44,509 - ERROR - Prediction failed: name 'model' is not defined
2025-08-05 16:26:20,949 - INFO - Best run ID: ed8de2a927c9482385d18d3d9dbac21f
2025-08-05 16:26:21,032 - ERROR - Error setting up MLflow: Failed to download artifacts from path 'model', please ensure that the path is correct.
2025-08-05 16:29:03,245 - INFO - Best run ID: ed8de2a927c9482385d18d3d9dbac21f
2025-08-05 16:29:03,320 - ERROR - Error setting up MLflow: Failed to download artifacts from path 'model', please ensure that the path is correct.
2025-08-05 16:31:23,637 - INFO - Best run ID: ed8de2a927c9482385d18d3d9dbac21f
2025-08-05 16:31:23,728 - ERROR - Error setting up MLflow: Failed to download artifacts from path 'model', please ensure that the path is correct.
2025-08-05 16:53:09,205 - INFO - Best run ID: run_id                                            12a1ee171d854f4abb1dd09434a50db9
experiment_id                                                   456658811799470908
status                                                                    FINISHED
artifact_uri                     file:///Users/sanjaykumarc/mlops-assignment/ml...
start_time                                        2025-08-05 16:32:16.895000+00:00
end_time                                          2025-08-05 16:32:21.561000+00:00
metrics.accuracy                                                               1.0
params.scaler                                                       StandardScaler
params.test_size                                                               0.2
params.model_type                                               LogisticRegression
tags.mlflow.source.type                                                      LOCAL
tags.mlflow.source.git.commit             9a4c1bd144c98c3d4c30d300012a7fdaed2f9ce5
tags.mlflow.user                                                      sanjaykumarc
tags.mlflow.runName                                               casual-horse-912
tags.mlflow.source.name          /Users/sanjaykumarc/mlops-assignment/mlops-ass...
Name: 0, dtype: object
2025-08-05 16:53:09,207 - INFO - Best run ID: 12a1ee171d854f4abb1dd09434a50db9
2025-08-05 16:53:09,288 - ERROR - Error setting up MLflow: Failed to download artifacts from path 'model', please ensure that the path is correct.
2025-08-05 16:53:45,933 - INFO - Best run ID: run_id                                            12a1ee171d854f4abb1dd09434a50db9
experiment_id                                                   456658811799470908
status                                                                    FINISHED
artifact_uri                     file:///Users/sanjaykumarc/mlops-assignment/ml...
start_time                                        2025-08-05 16:32:16.895000+00:00
end_time                                          2025-08-05 16:32:21.561000+00:00
metrics.accuracy                                                               1.0
params.model_type                                               LogisticRegression
params.scaler                                                       StandardScaler
params.test_size                                                               0.2
tags.mlflow.user                                                      sanjaykumarc
tags.mlflow.source.git.commit             9a4c1bd144c98c3d4c30d300012a7fdaed2f9ce5
tags.mlflow.runName                                               casual-horse-912
tags.mlflow.source.type                                                      LOCAL
tags.mlflow.source.name          /Users/sanjaykumarc/mlops-assignment/mlops-ass...
Name: 0, dtype: object
2025-08-05 16:53:45,934 - INFO - Best run ID: 12a1ee171d854f4abb1dd09434a50db9
2025-08-05 16:53:46,031 - ERROR - Error setting up MLflow: Failed to download artifacts from path 'model', please ensure that the path is correct.
2025-08-05 16:58:02,423 - INFO - Best run ID: file:///Users/sanjaykumarc/mlops-assignment/mlops-assignment/mlflow_logs/456658811799470908/12a1ee171d854f4abb1dd09434a50db9/artifacts
2025-08-05 16:58:02,425 - INFO - Best run ID: 12a1ee171d854f4abb1dd09434a50db9
2025-08-05 16:58:02,528 - ERROR - Error setting up MLflow: Failed to download artifacts from path 'model', please ensure that the path is correct.
2025-08-05 18:22:06,116 - INFO - Best run ID: file:///Users/sanjaykumarc/mlops-assignment/mlops-assignment/mlflow_logs/939559991168507879/d7636dd97a704527b72f378a13535128/artifacts
2025-08-05 18:22:06,119 - INFO - Best run ID: d7636dd97a704527b72f378a13535128
2025-08-05 18:22:06,234 - ERROR - Error setting up MLflow: Invalid Model Version stage: version-1. Value must be one of None, Staging, Production, Archived.
2025-08-05 18:26:08,522 - INFO - Best run ID: file:///Users/sanjaykumarc/mlops-assignment/mlops-assignment/mlflow_logs/939559991168507879/d7636dd97a704527b72f378a13535128/artifacts
2025-08-05 18:26:08,523 - INFO - Best run ID: d7636dd97a704527b72f378a13535128
2025-08-05 18:26:08,604 - ERROR - Error setting up MLflow: No such file or directory: '/Users/sanjaykumarc/mlops-assignment/mlops-assignment/mlflow_logs/939559991168507879/models/m-04b84938d6884006abae413708375961/artifacts/.'
2025-08-05 18:29:57,872 - INFO - Best run ID: file:///Users/sanjaykumarc/mlops-assignment/mlops-assignment/mlflow_logs/939559991168507879/d7636dd97a704527b72f378a13535128/artifacts
2025-08-05 18:29:57,874 - INFO - Best run ID: d7636dd97a704527b72f378a13535128
2025-08-05 18:29:58,414 - INFO - Loaded model from URI: runs:/d7636dd97a704527b72f378a13535128/model
2025-08-05 18:35:15,230 - INFO - Best run ID: file:///Users/sanjaykumarc/mlops-assignment/mlops-assignment/mlflow_logs/939559991168507879/3a72423bb4b04a4abf29afa85a7609a9/artifacts
2025-08-05 18:35:15,232 - INFO - Best run ID: 3a72423bb4b04a4abf29afa85a7609a9
2025-08-05 18:35:15,667 - INFO - Loaded model from URI: mlflow.pyfunc.loaded_model:
  artifact_path: file:///Users/sanjaykumarc/mlops-assignment/mlops-assignment/mlflow_logs/939559991168507879/models/m-58d3cd2cdfc541c08fd2a87951a3048e/artifacts
  flavor: mlflow.sklearn
  run_id: 3a72423bb4b04a4abf29afa85a7609a9

2025-08-05 18:37:57,054 - INFO - Received prediction request with features: [[5.1, 3.5, 1.4, 0.2]]
2025-08-05 18:37:57,060 - ERROR - Prediction failed: Failed to enforce schema of data '[[5.1, 3.5, 1.4, 0.2]]' with schema '[Tensor('float64', (-1, 4))]'. Error: This model contains a tensor-based model signature with no input names, which suggests a numpy array input or a pandas dataframe input with proper column values, but an input of type <class 'list'> was found.
2025-08-05 18:41:52,254 - INFO - Best run ID: file:///Users/sanjaykumarc/mlops-assignment/mlops-assignment/mlflow_logs/939559991168507879/3a72423bb4b04a4abf29afa85a7609a9/artifacts
2025-08-05 18:41:52,256 - INFO - Best run ID: 3a72423bb4b04a4abf29afa85a7609a9
2025-08-05 18:41:52,668 - INFO - Loaded model from URI: mlflow.pyfunc.loaded_model:
  artifact_path: file:///Users/sanjaykumarc/mlops-assignment/mlops-assignment/mlflow_logs/939559991168507879/models/m-58d3cd2cdfc541c08fd2a87951a3048e/artifacts
  flavor: mlflow.sklearn
  run_id: 3a72423bb4b04a4abf29afa85a7609a9

2025-08-05 18:42:47,457 - INFO - Received prediction request with features: [[5.1 3.5 1.4 0.2]]
2025-08-05 18:42:47,464 - ERROR - Prediction failed: invalid literal for int() with base 10: 'versicolor'
2025-08-05 18:43:31,282 - INFO - Received prediction request with features: [[5.1 3.5 1.4 0.2]]
2025-08-05 18:43:31,285 - ERROR - Prediction failed: invalid literal for int() with base 10: 'versicolor'
2025-08-05 18:44:43,555 - INFO - Best run ID: file:///Users/sanjaykumarc/mlops-assignment/mlops-assignment/mlflow_logs/939559991168507879/3a72423bb4b04a4abf29afa85a7609a9/artifacts
2025-08-05 18:44:43,557 - INFO - Best run ID: 3a72423bb4b04a4abf29afa85a7609a9
2025-08-05 18:44:43,900 - INFO - Loaded model from URI: mlflow.pyfunc.loaded_model:
  artifact_path: file:///Users/sanjaykumarc/mlops-assignment/mlops-assignment/mlflow_logs/939559991168507879/models/m-58d3cd2cdfc541c08fd2a87951a3048e/artifacts
  flavor: mlflow.sklearn
  run_id: 3a72423bb4b04a4abf29afa85a7609a9

2025-08-05 18:45:24,818 - INFO - Received prediction request with features: [[5.1 3.5 1.4 0.2]]
2025-08-05 18:45:24,826 - INFO - Prediction result: versicolor
2025-08-05 18:45:28,548 - INFO - Received prediction request with features: [[5.1 3.5 1.4 0.2]]
2025-08-05 18:45:28,551 - INFO - Prediction result: versicolor
2025-08-05 18:45:35,123 - INFO - Received prediction request with features: [[5.1 3.5 1.4 0.2]]
2025-08-05 18:45:35,134 - INFO - Prediction result: versicolor
2025-08-05 18:45:46,560 - INFO - Received prediction request with features: [[5.1 3.5 0.9 0.2]]
2025-08-05 18:45:46,563 - INFO - Prediction result: versicolor
2025-08-05 18:45:52,302 - INFO - Received prediction request with features: [[5.1 3.5 0.9 1.2]]
2025-08-05 18:45:52,303 - INFO - Prediction result: versicolor
2025-08-05 18:46:02,157 - INFO - Received prediction request with features: [[5.1 2.5 0.9 1.2]]
2025-08-05 18:46:02,160 - INFO - Prediction result: virginica
2025-08-05 18:46:13,276 - INFO - Received prediction request with features: [[5.1 2.5 0.9 1.2]]
2025-08-05 18:46:13,279 - INFO - Prediction result: virginica
